<?xml version="1.0" encoding="UTF-8"?>
<!-- Generated by org.testng.reporters.JUnitReportReporter -->
<testsuite hostname="DESKTOP-00SVLVA" failures="0" tests="1" name="com.google.qa.FirstTest" time="19.134" errors="0" timestamp="14 ene. 2023 17:51:42 GMT" skipped="0">
  <testcase classname="com.google.qa.FirstTest" name="f" time="19.134"/>
</testsuite> <!-- com.google.qa.FirstTest -->
